Determining if the pthread_create exist failed with the following output:
Change Dir: /home/chris/robot_vision_ws/build/CMakeFiles/CMakeTmp

Run Build Command:/usr/bin/make "cmTryCompileExec3646748779/fast"
/usr/bin/make -f CMakeFiles/cmTryCompileExec3646748779.dir/build.make CMakeFiles/cmTryCompileExec3646748779.dir/build
make[1]: Verzeichnis »/home/chris/robot_vision_ws/build/CMakeFiles/CMakeTmp« wird betreten
/usr/bin/cmake -E cmake_progress_report /home/chris/robot_vision_ws/build/CMakeFiles/CMakeTmp/CMakeFiles 1
Building C object CMakeFiles/cmTryCompileExec3646748779.dir/CheckSymbolExists.c.o
/usr/bin/cc    -o CMakeFiles/cmTryCompileExec3646748779.dir/CheckSymbolExists.c.o   -c /home/chris/robot_vision_ws/build/CMakeFiles/CMakeTmp/CheckSymbolExists.c
Linking C executable cmTryCompileExec3646748779
/usr/bin/cmake -E cmake_link_script CMakeFiles/cmTryCompileExec3646748779.dir/link.txt --verbose=1
/usr/bin/cc       CMakeFiles/cmTryCompileExec3646748779.dir/CheckSymbolExists.c.o  -o cmTryCompileExec3646748779 -rdynamic 
CMakeFiles/cmTryCompileExec3646748779.dir/CheckSymbolExists.c.o: In Funktion `main':
CheckSymbolExists.c:(.text+0x16): Nicht definierter Verweis auf `pthread_create'
collect2: error: ld returned 1 exit status
make[1]: Verzeichnis »/home/chris/robot_vision_ws/build/CMakeFiles/CMakeTmp« wird verlassen
make[1]: *** [cmTryCompileExec3646748779] Fehler 1
make: *** [cmTryCompileExec3646748779/fast] Fehler 2

File /home/chris/robot_vision_ws/build/CMakeFiles/CMakeTmp/CheckSymbolExists.c:
/* */
#include <pthread.h>

int main(int argc, char** argv)
{
  (void)argv;
#ifndef pthread_create
  return ((int*)(&pthread_create))[argc];
#else
  (void)argc;
  return 0;
#endif
}

Determining if the function pthread_create exists in the pthreads failed with the following output:
Change Dir: /home/chris/robot_vision_ws/build/CMakeFiles/CMakeTmp

Run Build Command:/usr/bin/make "cmTryCompileExec3636555813/fast"
/usr/bin/make -f CMakeFiles/cmTryCompileExec3636555813.dir/build.make CMakeFiles/cmTryCompileExec3636555813.dir/build
make[1]: Verzeichnis »/home/chris/robot_vision_ws/build/CMakeFiles/CMakeTmp« wird betreten
/usr/bin/cmake -E cmake_progress_report /home/chris/robot_vision_ws/build/CMakeFiles/CMakeTmp/CMakeFiles 1
Building C object CMakeFiles/cmTryCompileExec3636555813.dir/CheckFunctionExists.c.o
/usr/bin/cc   -DCHECK_FUNCTION_EXISTS=pthread_create   -o CMakeFiles/cmTryCompileExec3636555813.dir/CheckFunctionExists.c.o   -c /usr/share/cmake-2.8/Modules/CheckFunctionExists.c
Linking C executable cmTryCompileExec3636555813
/usr/bin/cmake -E cmake_link_script CMakeFiles/cmTryCompileExec3636555813.dir/link.txt --verbose=1
/usr/bin/cc   -DCHECK_FUNCTION_EXISTS=pthread_create    CMakeFiles/cmTryCompileExec3636555813.dir/CheckFunctionExists.c.o  -o cmTryCompileExec3636555813 -rdynamic -lpthreads 
/usr/bin/ld: cannot find -lpthreads
make[1]: Verzeichnis »/home/chris/robot_vision_ws/build/CMakeFiles/CMakeTmp« wird verlassen
collect2: error: ld returned 1 exit status
make[1]: *** [cmTryCompileExec3636555813] Fehler 1
make: *** [cmTryCompileExec3636555813/fast] Fehler 2


